\BOOKMARK [1][]{section.1}{Introduction}{}% 1
\BOOKMARK [2][]{subsection.1.1}{Problem\040Background}{section.1}% 2
\BOOKMARK [1][]{section.2}{Problem\040Analysis}{}% 3
\BOOKMARK [2][]{subsection.2.1}{Commonly\040Abused\040Drugs\040Charts\040}{section.2}% 4
\BOOKMARK [2][]{subsection.2.2}{Restatement\040of\040The\040Problem}{section.2}% 5
\BOOKMARK [2][]{subsection.2.3}{Overview\040of\040Our\040Work}{section.2}% 6
\BOOKMARK [1][]{section.3}{Assumptions\040and\040Notations}{}% 7
\BOOKMARK [2][]{subsection.3.1}{Assumptions}{section.3}% 8
\BOOKMARK [2][]{subsection.3.2}{Notations}{section.3}% 9
\BOOKMARK [1][]{section.4}{Data\040Processing}{}% 10
\BOOKMARK [2][]{subsection.4.1}{Data\040Cleaning}{section.4}% 11
\BOOKMARK [2][]{subsection.4.2}{Data\040Visualization}{section.4}% 12
\BOOKMARK [1][]{section.5}{Model\040Design}{}% 13
\BOOKMARK [2][]{subsection.5.1}{Model\0401\040-\040The\040Mathematical\040Model\040of\040the\040Relationship\040between\040County\040Location\040and\040Opioids}{section.5}% 14
\BOOKMARK [2][]{subsection.5.2}{Model\0402\040-\040The\040Grey\040Models\040for\040Short-term\040Predicts\040the\040Total\040Drug\040Reports\040in\040the\040future\040}{section.5}% 15
\BOOKMARK [2][]{subsection.5.3}{Model\0403\040-\040The\040Logistic\040Regression\040for\040Medium-term\040Predicts\040the\040Total\040Drug\040Reports\040in\040the\040future\040}{section.5}% 16
\BOOKMARK [2][]{subsection.5.4}{Model\0404\040-\040The\040BP\040Artificial\040Neural\040Network\040predicts\040the\040next\040new\040disaster\040location}{section.5}% 17
\BOOKMARK [2][]{subsection.5.5}{Model\0405\040-\040The\040Factor\040Analysis\040processing\040the\040multidimensional\040data}{section.5}% 18
\BOOKMARK [1][]{section.6}{Model\040Solve}{}% 19
\BOOKMARK [2][]{subsection.6.1}{Model\0401\040-\040The\040Polygonal\040Geometric\040Center\040of\040Gravity\040Model\040Solution}{section.6}% 20
\BOOKMARK [2][]{subsection.6.2}{Model\0402\040-\040The\040Grey\040Models\040for\040Short-term\040Predicts\040Solution}{section.6}% 21
\BOOKMARK [2][]{subsection.6.3}{Model\0403\040-\040The\040Logistic\040Regression\040for\040Medium-term\040Predicts\040Solution}{section.6}% 22
\BOOKMARK [2][]{subsection.6.4}{Model\0404\040-\040The\040BP\040Artificial\040Neural\040Network\040predicts\040the\040next\040new\040disaster\040location}{section.6}% 23
\BOOKMARK [2][]{subsection.6.5}{Model\0405\040-\040The\040Factor\040Analysis\040process\040the\040multidimensional\040data}{section.6}% 24
\BOOKMARK [1][]{section.7}{Strengths\040and\040weaknesses}{}% 25
\BOOKMARK [1][]{section*.25}{Appendices}{}% 26
\BOOKMARK [1][]{Appendix.a.A}{Appendix\040First\040appendix}{}% 27
\BOOKMARK [1][]{Appendix.a.B}{Appendix\040Second\040appendix}{}% 28
