\BOOKMARK [1][-]{section.1}{\376\377\225\356\230\230\221\315\217\360}{}% 1
\BOOKMARK [2][-]{subsection.1.1}{\376\377\225\356\230\230\200\314\146\157}{section.1}% 2
\BOOKMARK [2][-]{subsection.1.2}{\376\377\225\356\230\230\166\204\143\320\121\372}{section.1}% 3
\BOOKMARK [1][-]{section.2}{\376\377\152\041\127\213\166\204\120\107\213\276}{}% 4
\BOOKMARK [1][-]{section.3}{\376\377\173\046\123\367\213\364\146\016}{}% 5
\BOOKMARK [1][-]{section.4}{\376\377\225\356\230\230\122\006\147\220}{}% 6
\BOOKMARK [2][-]{subsection.4.1}{\376\377\225\356\230\230\116\000\122\006\147\220}{section.4}% 7
\BOOKMARK [2][-]{subsection.4.2}{\376\377\225\356\230\230\116\214\122\006\147\220}{section.4}% 8
\BOOKMARK [2][-]{subsection.4.3}{\376\377\225\356\230\230\116\011\122\006\147\220}{section.4}% 9
\BOOKMARK [2][-]{subsection.4.4}{\376\377\225\356\230\230\126\333\122\006\147\220}{section.4}% 10
\BOOKMARK [1][-]{section.5}{\376\377\127\372\116\216\145\071\217\333\166\204\000P\000-\000G\000M\000\050\0001\000,\0001\000\051\160\160\202\162\230\204\155\113\117\040\147\323\165\305\230\204\155\113\152\041\127\213}{}% 11
\BOOKMARK [2][-]{subsection.5.1}{\376\377\225\356\230\230\122\006\147\220}{section.5}% 12
\BOOKMARK [2][-]{subsection.5.2}{\376\377\230\204\131\007\135\345\117\134}{section.5}% 13
\BOOKMARK [3][-]{subsubsection.5.2.1}{\376\377\145\160\143\156\230\204\131\004\164\006}{subsection.5.2}% 14
\BOOKMARK [3][-]{subsubsection.5.2.2}{\376\377\123\330\123\026\215\213\122\277\122\006\147\220}{subsection.5.2}% 15
\BOOKMARK [3][-]{subsubsection.5.2.3}{\376\377\160\160\202\162\174\373\176\337\164\006\213\272}{subsection.5.2}% 16
\BOOKMARK [2][-]{subsection.5.3}{\376\377\127\372\116\216\145\071\217\333\166\204\000P\000-\000G\000M\000\050\0001\000,\0001\000\051\117\040\147\323\165\305\230\204\155\113\152\041\127\213\166\204\136\372\172\313}{section.5}% 17
\BOOKMARK [2][-]{subsection.5.4}{\376\377\152\041\127\213\154\102\211\343\116\016\176\323\147\234\150\300\232\214}{section.5}% 18
\BOOKMARK [3][-]{subsubsection.5.4.1}{\376\377\121\150\126\375\123\321\165\305\116\272\145\160\124\214\153\173\116\241\116\272\145\160}{subsection.5.4}% 19
\BOOKMARK [3][-]{subsubsection.5.4.2}{\376\377\166\256\134\024\220\012\150\300\232\214}{subsection.5.4}% 20
\BOOKMARK [1][-]{section.6}{\376\377\225\356\230\230\116\214\152\041\127\213\166\204\136\372\172\313\116\016\154\102\211\343}{}% 21
\BOOKMARK [2][-]{subsection.6.1}{\376\377\225\356\230\230\122\006\147\220}{section.6}% 22
\BOOKMARK [2][-]{subsection.6.2}{\376\377\230\204\131\007\135\345\117\134}{section.6}% 23
\BOOKMARK [3][-]{subsubsection.6.2.1}{\376\377\147\011\145\110\116\272\177\244\166\204\173\133\220\011}{subsection.6.2}% 24
\BOOKMARK [3][-]{subsubsection.6.2.2}{\376\377\127\060\123\072\166\204\122\022\122\006}{subsection.6.2}% 25
\BOOKMARK [2][-]{subsection.6.3}{\376\377\225\356\230\230\116\214\152\041\127\213\166\204\136\372\172\313}{section.6}% 26
\BOOKMARK [3][-]{subsubsection.6.3.1}{\376\377\221\315\160\271\116\272\177\244\166\204\230\204\155\113\152\041\127\213}{subsection.6.3}% 27
\BOOKMARK [3][-]{subsubsection.6.3.2}{\376\377\221\315\160\271\123\072\127\337\166\204\230\204\155\113\152\041\127\213}{subsection.6.3}% 28
\BOOKMARK [2][-]{subsection.6.4}{\376\377\152\041\127\213\154\102\211\343\116\016\176\323\147\234\150\300\232\214}{section.6}% 29
\BOOKMARK [3][-]{subsubsection.6.4.1}{\376\377\221\315\160\271\116\272\177\244\230\204\155\113\176\323\147\234}{subsection.6.4}% 30
\BOOKMARK [3][-]{subsubsection.6.4.2}{\376\377\221\315\160\271\123\072\127\337\230\204\155\113\176\323\147\234}{subsection.6.4}% 31
\BOOKMARK [1][-]{section.7}{\376\377\225\356\230\230\116\011\152\041\127\213\166\204\136\372\172\313\116\016\154\102\211\343}{}% 32
\BOOKMARK [2][-]{subsection.7.1}{\376\377\225\356\230\230\122\006\147\220}{section.7}% 33
\BOOKMARK [2][-]{subsection.7.2}{\376\377\225\356\230\230\116\011\152\041\127\213\166\204\136\372\172\313}{section.7}% 34
\BOOKMARK [2][-]{subsection.7.3}{\376\377\152\041\127\213\154\102\211\343\116\016\176\323\147\234\150\300\232\214}{section.7}% 35
\BOOKMARK [3][-]{subsubsection.7.3.1}{\376\377\230\204\155\113\176\323\147\234}{subsection.7.3}% 36
\BOOKMARK [3][-]{subsubsection.7.3.2}{\376\377\176\323\147\234\150\300\232\214}{subsection.7.3}% 37
\BOOKMARK [1][-]{section.8}{\376\377\176\331\166\370\121\163\220\350\225\350\166\204\116\000\134\001\136\372\213\256\117\341}{}% 38
\BOOKMARK [1][-]{section.9}{\376\377\152\041\127\213\213\304\116\367}{}% 39
\BOOKMARK [2][-]{subsection.9.1}{\376\377\152\041\127\213\117\030\160\271}{section.9}% 40
\BOOKMARK [2][-]{subsection.9.2}{\376\377\152\041\127\213\177\072\160\271}{section.9}% 41
\BOOKMARK [2][-]{subsection.9.3}{\376\377\152\041\127\213\145\071\217\333}{section.9}% 42
\BOOKMARK [1][-]{section.10}{\376\377\116\343\170\001}{}% 43
\BOOKMARK [2][-]{subsection.10.1}{\376\377\121\150\126\375\123\321\165\305\116\272\145\160\124\214\153\173\116\241\116\272\145\160\166\204\145\366\225\364\121\163\200\124\140\047\150\300\232\214\040\023\000M\000a\000t\000l\000a\000b\000\040\156\220\172\013\136\217}{section.10}% 44
